<?xml version="1.0" encoding="UTF-8"?>
<!-- Generated by org.testng.reporters.JUnitReportReporter -->
<testsuite hostname="DESKTOP-CTD84TN" failures="0" tests="2" name="cucumber.Options.TestRunner" time="10.333" errors="0" timestamp="2024-11-12T12:08:40 IST" skipped="0">
  <testcase classname="cucumber.Options.TestRunner" name="runScenario" time="2.864"/>
  <testcase classname="cucumber.Options.TestRunner" name="runScenario" time="7.469"/>
</testsuite> <!-- cucumber.Options.TestRunner -->
